Detecting C OpenMP failed with the following output:
Change Dir: /home/code/face-detchtion/cmake-build-debug/CMakeFiles/CMakeTmp

Run Build Command(s):/usr/bin/make cmTC_5bf77/fast && /usr/bin/make  -f CMakeFiles/cmTC_5bf77.dir/build.make CMakeFiles/cmTC_5bf77.dir/build
make[1]: Entering directory '/home/code/face-detchtion/cmake-build-debug/CMakeFiles/CMakeTmp'
Building C object CMakeFiles/cmTC_5bf77.dir/OpenMPTryFlag.c.o
/usr/bin/cc   -qopenmp -fopenmp -v   -o CMakeFiles/cmTC_5bf77.dir/OpenMPTryFlag.c.o   -c /home/code/face-detchtion/cmake-build-debug/CMakeFiles/FindOpenMP/OpenMPTryFlag.c
Using built-in specs.
COLLECT_GCC=/usr/bin/cc
OFFLOAD_TARGET_NAMES=nvptx-none
OFFLOAD_TARGET_DEFAULT=1
cc: error: unrecognized command line option ‘-qopenmp’; did you mean ‘-fopenmp’?
Target: x86_64-linux-gnu
Configured with: ../src/configure -v --with-pkgversion='Ubuntu 7.5.0-3ubuntu1~18.04' --with-bugurl=file:///usr/share/doc/gcc-7/README.Bugs --enable-languages=c,ada,c++,go,brig,d,fortran,objc,obj-c++ --prefix=/usr --with-gcc-major-version-only --program-suffix=-7 --program-prefix=x86_64-linux-gnu- --enable-shared --enable-linker-build-id --libexecdir=/usr/lib --without-included-gettext --enable-threads=posix --libdir=/usr/lib --enable-nls --enable-bootstrap --enable-clocale=gnu --enable-libstdcxx-debug --enable-libstdcxx-time=yes --with-default-libstdcxx-abi=new --enable-gnu-unique-object --disable-vtable-verify --enable-libmpx --enable-plugin --enable-default-pie --with-system-zlib --with-target-system-zlib --enable-objc-gc=auto --enable-multiarch --disable-werror --with-arch-32=i686 --with-abi=m64 --with-multilib-list=m32,m64,mx32 --enable-multilib --with-tune=generic --enable-offload-targets=nvptx-none --without-cuda-driver --enable-checking=release --build=x86_64-linux-gnu --host=x86_64-linux-gnu --target=x86_64-linux-gnu
Thread model: posix
gcc version 7.5.0 (Ubuntu 7.5.0-3ubuntu1~18.04) 
CMakeFiles/cmTC_5bf77.dir/build.make:85: recipe for target 'CMakeFiles/cmTC_5bf77.dir/OpenMPTryFlag.c.o' failed
make[1]: *** [CMakeFiles/cmTC_5bf77.dir/OpenMPTryFlag.c.o] Error 1
make[1]: Leaving directory '/home/code/face-detchtion/cmake-build-debug/CMakeFiles/CMakeTmp'
Makefile:141: recipe for target 'cmTC_5bf77/fast' failed
make: *** [cmTC_5bf77/fast] Error 2



